Timestamp: 2008.08.27. 13:41:06
Both: 1.0
Looser: -3.0
Neither: 0.0
Winner: 4.0


"run"|"tick"|"Strat2"|"Strat1"|"RngSeed"|"payoff1"|"payoff2"
1|10000.0|0|0|1|5666.0|4448.0
2|10000.0|0|0|2|5238.0|4860.0
3|10000.0|0|0|3|5305.0|4647.0
4|10000.0|0|0|4|4917.0|5085.0
5|10000.0|0|0|5|4871.0|5102.0
6|10000.0|0|0|6|4762.0|5308.0
7|10000.0|0|0|7|4616.0|5393.0
8|10000.0|0|0|8|4707.0|5239.0
9|10000.0|0|0|9|5510.0|4530.0
10|10000.0|0|0|10|5166.0|4802.0
11|10000.0|0|0|11|5694.0|4350.0
12|10000.0|0|0|12|4828.0|5066.0
13|10000.0|0|0|13|4830.0|5152.0
14|10000.0|0|0|14|5187.0|4844.0
15|10000.0|0|0|15|5059.0|4835.0
16|10000.0|1|0|1|-15246.0|20328.0
17|10000.0|1|0|2|-15057.0|20076.0
18|10000.0|1|0|3|-14988.0|19984.0
19|10000.0|1|0|4|-14886.0|19848.0
20|10000.0|1|0|5|-14829.0|19772.0
21|10000.0|1|0|6|-15126.0|20168.0
22|10000.0|1|0|7|-15177.0|20236.0
23|10000.0|1|0|8|-14835.0|19780.0
24|10000.0|1|0|9|-15192.0|20256.0
25|10000.0|1|0|10|-15009.0|20012.0
26|10000.0|1|0|11|-15087.0|20116.0
27|10000.0|1|0|12|-14958.0|19944.0
28|10000.0|1|0|13|-14958.0|19944.0
29|10000.0|1|0|14|-15033.0|20044.0
30|10000.0|1|0|15|-14850.0|19800.0
31|10000.0|2|0|1|24754.0|-9672.0
32|10000.0|2|0|2|24943.0|-9924.0
33|10000.0|2|0|3|25012.0|-10016.0
34|10000.0|2|0|4|25114.0|-10152.0
35|10000.0|2|0|5|25171.0|-10228.0
36|10000.0|2|0|6|24874.0|-9832.0
37|10000.0|2|0|7|24823.0|-9764.0
38|10000.0|2|0|8|25165.0|-10220.0
39|10000.0|2|0|9|24808.0|-9744.0
40|10000.0|2|0|10|24991.0|-9988.0
41|10000.0|2|0|11|24913.0|-9884.0
42|10000.0|2|0|12|25042.0|-10056.0
43|10000.0|2|0|13|25042.0|-10056.0
44|10000.0|2|0|14|24967.0|-9956.0
45|10000.0|2|0|15|25150.0|-10200.0
46|10000.0|3|0|1|5082.0|5082.0
47|10000.0|3|0|2|5019.0|5019.0
48|10000.0|3|0|3|4996.0|4996.0
49|10000.0|3|0|4|4966.0|4959.0
50|10000.0|3|0|5|4947.0|4940.0
51|10000.0|3|0|6|5042.0|5042.0
52|10000.0|3|0|7|5059.0|5059.0
53|10000.0|3|0|8|4945.0|4945.0
54|10000.0|3|0|9|5064.0|5064.0
55|10000.0|3|0|10|5003.0|5003.0
56|10000.0|3|0|11|5029.0|5029.0
57|10000.0|3|0|12|4986.0|4986.0
58|10000.0|3|0|13|4986.0|4986.0
59|10000.0|3|0|14|5015.0|5008.0
60|10000.0|3|0|15|4954.0|4947.0
61|10000.0|4|0|1|4426.0|5574.0
62|10000.0|4|0|2|4867.0|5133.0
63|10000.0|4|0|3|5028.0|4972.0
64|10000.0|4|0|4|5262.0|4737.0
65|10000.0|4|0|5|5395.0|4604.0
66|10000.0|4|0|6|4706.0|5294.0
67|10000.0|4|0|7|4587.0|5413.0
68|10000.0|4|0|8|5385.0|4615.0
69|10000.0|4|0|9|4552.0|5448.0
70|10000.0|4|0|10|4979.0|5021.0
71|10000.0|4|0|11|4797.0|5203.0
72|10000.0|4|0|12|5098.0|4902.0
73|10000.0|4|0|13|5098.0|4902.0
74|10000.0|4|0|14|4919.0|5080.0
75|10000.0|4|0|15|5346.0|4653.0
76|10000.0|0|1|1|20328.0|-15246.0
77|10000.0|0|1|2|20076.0|-15057.0
78|10000.0|0|1|3|19984.0|-14988.0
79|10000.0|0|1|4|19848.0|-14886.0
80|10000.0|0|1|5|19772.0|-14829.0
81|10000.0|0|1|6|20168.0|-15126.0
82|10000.0|0|1|7|20236.0|-15177.0
83|10000.0|0|1|8|19780.0|-14835.0
84|10000.0|0|1|9|20256.0|-15192.0
85|10000.0|0|1|10|20012.0|-15009.0
86|10000.0|0|1|11|20116.0|-15087.0
87|10000.0|0|1|12|19944.0|-14958.0
88|10000.0|0|1|13|19944.0|-14958.0
89|10000.0|0|1|14|20044.0|-15033.0
90|10000.0|0|1|15|19800.0|-14850.0
91|10000.0|1|1|1|0.0|0.0
92|10000.0|1|1|2|0.0|0.0
93|10000.0|1|1|3|0.0|0.0
94|10000.0|1|1|4|0.0|0.0
95|10000.0|1|1|5|0.0|0.0
96|10000.0|1|1|6|0.0|0.0
97|10000.0|1|1|7|0.0|0.0
98|10000.0|1|1|8|0.0|0.0
99|10000.0|1|1|9|0.0|0.0
100|10000.0|1|1|10|0.0|0.0
101|10000.0|1|1|11|0.0|0.0
102|10000.0|1|1|12|0.0|0.0
103|10000.0|1|1|13|0.0|0.0
104|10000.0|1|1|14|0.0|0.0
105|10000.0|1|1|15|0.0|0.0
106|10000.0|2|1|1|40000.0|-30000.0
107|10000.0|2|1|2|40000.0|-30000.0
108|10000.0|2|1|3|40000.0|-30000.0
109|10000.0|2|1|4|40000.0|-30000.0
110|10000.0|2|1|5|40000.0|-30000.0
111|10000.0|2|1|6|40000.0|-30000.0
112|10000.0|2|1|7|40000.0|-30000.0
113|10000.0|2|1|8|40000.0|-30000.0
114|10000.0|2|1|9|40000.0|-30000.0
115|10000.0|2|1|10|40000.0|-30000.0
116|10000.0|2|1|11|40000.0|-30000.0
117|10000.0|2|1|12|40000.0|-30000.0
118|10000.0|2|1|13|40000.0|-30000.0
119|10000.0|2|1|14|40000.0|-30000.0
120|10000.0|2|1|15|40000.0|-30000.0
121|10000.0|3|1|1|4.0|-3.0
122|10000.0|3|1|2|4.0|-3.0
123|10000.0|3|1|3|4.0|-3.0
124|10000.0|3|1|4|4.0|-3.0
125|10000.0|3|1|5|4.0|-3.0
126|10000.0|3|1|6|4.0|-3.0
127|10000.0|3|1|7|4.0|-3.0
128|10000.0|3|1|8|4.0|-3.0
129|10000.0|3|1|9|4.0|-3.0
130|10000.0|3|1|10|4.0|-3.0
131|10000.0|3|1|11|4.0|-3.0
132|10000.0|3|1|12|4.0|-3.0
133|10000.0|3|1|13|4.0|-3.0
134|10000.0|3|1|14|4.0|-3.0
135|10000.0|3|1|15|4.0|-3.0
136|10000.0|4|1|1|39996.0|-29997.0
137|10000.0|4|1|2|39996.0|-29997.0
138|10000.0|4|1|3|39996.0|-29997.0
139|10000.0|4|1|4|39996.0|-29997.0
140|10000.0|4|1|5|39996.0|-29997.0
141|10000.0|4|1|6|39996.0|-29997.0
142|10000.0|4|1|7|39996.0|-29997.0
143|10000.0|4|1|8|39996.0|-29997.0
144|10000.0|4|1|9|39996.0|-29997.0
145|10000.0|4|1|10|39996.0|-29997.0
146|10000.0|4|1|11|39996.0|-29997.0
147|10000.0|4|1|12|39996.0|-29997.0
148|10000.0|4|1|13|39996.0|-29997.0
149|10000.0|4|1|14|39996.0|-29997.0
150|10000.0|4|1|15|39996.0|-29997.0
151|10000.0|0|2|1|-9672.0|24754.0
152|10000.0|0|2|2|-9924.0|24943.0
153|10000.0|0|2|3|-10016.0|25012.0
154|10000.0|0|2|4|-10152.0|25114.0
155|10000.0|0|2|5|-10228.0|25171.0
156|10000.0|0|2|6|-9832.0|24874.0
157|10000.0|0|2|7|-9764.0|24823.0
158|10000.0|0|2|8|-10220.0|25165.0
159|10000.0|0|2|9|-9744.0|24808.0
160|10000.0|0|2|10|-9988.0|24991.0
161|10000.0|0|2|11|-9884.0|24913.0
162|10000.0|0|2|12|-10056.0|25042.0
163|10000.0|0|2|13|-10056.0|25042.0
164|10000.0|0|2|14|-9956.0|24967.0
165|10000.0|0|2|15|-10200.0|25150.0
166|10000.0|1|2|1|-30000.0|40000.0
167|10000.0|1|2|2|-30000.0|40000.0
168|10000.0|1|2|3|-30000.0|40000.0
169|10000.0|1|2|4|-30000.0|40000.0
170|10000.0|1|2|5|-30000.0|40000.0
171|10000.0|1|2|6|-30000.0|40000.0
172|10000.0|1|2|7|-30000.0|40000.0
173|10000.0|1|2|8|-30000.0|40000.0
174|10000.0|1|2|9|-30000.0|40000.0
175|10000.0|1|2|10|-30000.0|40000.0
176|10000.0|1|2|11|-30000.0|40000.0
177|10000.0|1|2|12|-30000.0|40000.0
178|10000.0|1|2|13|-30000.0|40000.0
179|10000.0|1|2|14|-30000.0|40000.0
180|10000.0|1|2|15|-30000.0|40000.0
181|10000.0|2|2|1|10000.0|10000.0
182|10000.0|2|2|2|10000.0|10000.0
183|10000.0|2|2|3|10000.0|10000.0
184|10000.0|2|2|4|10000.0|10000.0
185|10000.0|2|2|5|10000.0|10000.0
186|10000.0|2|2|6|10000.0|10000.0
187|10000.0|2|2|7|10000.0|10000.0
188|10000.0|2|2|8|10000.0|10000.0
189|10000.0|2|2|9|10000.0|10000.0
190|10000.0|2|2|10|10000.0|10000.0
191|10000.0|2|2|11|10000.0|10000.0
192|10000.0|2|2|12|10000.0|10000.0
193|10000.0|2|2|13|10000.0|10000.0
194|10000.0|2|2|14|10000.0|10000.0
195|10000.0|2|2|15|10000.0|10000.0
196|10000.0|3|2|1|10000.0|10000.0
197|10000.0|3|2|2|10000.0|10000.0
198|10000.0|3|2|3|10000.0|10000.0
199|10000.0|3|2|4|10000.0|10000.0
200|10000.0|3|2|5|10000.0|10000.0
201|10000.0|3|2|6|10000.0|10000.0
202|10000.0|3|2|7|10000.0|10000.0
203|10000.0|3|2|8|10000.0|10000.0
204|10000.0|3|2|9|10000.0|10000.0
205|10000.0|3|2|10|10000.0|10000.0
206|10000.0|3|2|11|10000.0|10000.0
207|10000.0|3|2|12|10000.0|10000.0
208|10000.0|3|2|13|10000.0|10000.0
209|10000.0|3|2|14|10000.0|10000.0
210|10000.0|3|2|15|10000.0|10000.0
211|10000.0|4|2|1|-30000.0|40000.0
212|10000.0|4|2|2|-30000.0|40000.0
213|10000.0|4|2|3|-30000.0|40000.0
214|10000.0|4|2|4|-30000.0|40000.0
215|10000.0|4|2|5|-30000.0|40000.0
216|10000.0|4|2|6|-30000.0|40000.0
217|10000.0|4|2|7|-30000.0|40000.0
218|10000.0|4|2|8|-30000.0|40000.0
219|10000.0|4|2|9|-30000.0|40000.0
220|10000.0|4|2|10|-30000.0|40000.0
221|10000.0|4|2|11|-30000.0|40000.0
222|10000.0|4|2|12|-30000.0|40000.0
223|10000.0|4|2|13|-30000.0|40000.0
224|10000.0|4|2|14|-30000.0|40000.0
225|10000.0|4|2|15|-30000.0|40000.0
226|10000.0|0|3|1|5082.0|5082.0
227|10000.0|0|3|2|5019.0|5019.0
228|10000.0|0|3|3|4996.0|4996.0
229|10000.0|0|3|4|4959.0|4966.0
230|10000.0|0|3|5|4940.0|4947.0
231|10000.0|0|3|6|5042.0|5042.0
232|10000.0|0|3|7|5059.0|5059.0
233|10000.0|0|3|8|4945.0|4945.0
234|10000.0|0|3|9|5064.0|5064.0
235|10000.0|0|3|10|5003.0|5003.0
236|10000.0|0|3|11|5029.0|5029.0
237|10000.0|0|3|12|4986.0|4986.0
238|10000.0|0|3|13|4986.0|4986.0
239|10000.0|0|3|14|5008.0|5015.0
240|10000.0|0|3|15|4947.0|4954.0
241|10000.0|1|3|1|-3.0|4.0
242|10000.0|1|3|2|-3.0|4.0
243|10000.0|1|3|3|-3.0|4.0
244|10000.0|1|3|4|-3.0|4.0
245|10000.0|1|3|5|-3.0|4.0
246|10000.0|1|3|6|-3.0|4.0
247|10000.0|1|3|7|-3.0|4.0
248|10000.0|1|3|8|-3.0|4.0
249|10000.0|1|3|9|-3.0|4.0
250|10000.0|1|3|10|-3.0|4.0
251|10000.0|1|3|11|-3.0|4.0
252|10000.0|1|3|12|-3.0|4.0
253|10000.0|1|3|13|-3.0|4.0
254|10000.0|1|3|14|-3.0|4.0
255|10000.0|1|3|15|-3.0|4.0
256|10000.0|2|3|1|10000.0|10000.0
257|10000.0|2|3|2|10000.0|10000.0
258|10000.0|2|3|3|10000.0|10000.0
259|10000.0|2|3|4|10000.0|10000.0
260|10000.0|2|3|5|10000.0|10000.0
261|10000.0|2|3|6|10000.0|10000.0
262|10000.0|2|3|7|10000.0|10000.0
263|10000.0|2|3|8|10000.0|10000.0
264|10000.0|2|3|9|10000.0|10000.0
265|10000.0|2|3|10|10000.0|10000.0
266|10000.0|2|3|11|10000.0|10000.0
267|10000.0|2|3|12|10000.0|10000.0
268|10000.0|2|3|13|10000.0|10000.0
269|10000.0|2|3|14|10000.0|10000.0
270|10000.0|2|3|15|10000.0|10000.0
271|10000.0|3|3|1|10000.0|10000.0
272|10000.0|3|3|2|10000.0|10000.0
273|10000.0|3|3|3|10000.0|10000.0
274|10000.0|3|3|4|10000.0|10000.0
275|10000.0|3|3|5|10000.0|10000.0
276|10000.0|3|3|6|10000.0|10000.0
277|10000.0|3|3|7|10000.0|10000.0
278|10000.0|3|3|8|10000.0|10000.0
279|10000.0|3|3|9|10000.0|10000.0
280|10000.0|3|3|10|10000.0|10000.0
281|10000.0|3|3|11|10000.0|10000.0
282|10000.0|3|3|12|10000.0|10000.0
283|10000.0|3|3|13|10000.0|10000.0
284|10000.0|3|3|14|10000.0|10000.0
285|10000.0|3|3|15|10000.0|10000.0
286|10000.0|4|3|1|5000.0|5000.0
287|10000.0|4|3|2|5000.0|5000.0
288|10000.0|4|3|3|5000.0|5000.0
289|10000.0|4|3|4|5000.0|5000.0
290|10000.0|4|3|5|5000.0|5000.0
291|10000.0|4|3|6|5000.0|5000.0
292|10000.0|4|3|7|5000.0|5000.0
293|10000.0|4|3|8|5000.0|5000.0
294|10000.0|4|3|9|5000.0|5000.0
295|10000.0|4|3|10|5000.0|5000.0
296|10000.0|4|3|11|5000.0|5000.0
297|10000.0|4|3|12|5000.0|5000.0
298|10000.0|4|3|13|5000.0|5000.0
299|10000.0|4|3|14|5000.0|5000.0
300|10000.0|4|3|15|5000.0|5000.0
301|10000.0|0|4|1|5574.0|4426.0
302|10000.0|0|4|2|5133.0|4867.0
303|10000.0|0|4|3|4972.0|5028.0
304|10000.0|0|4|4|4737.0|5262.0
305|10000.0|0|4|5|4604.0|5395.0
306|10000.0|0|4|6|5294.0|4706.0
307|10000.0|0|4|7|5413.0|4587.0
308|10000.0|0|4|8|4615.0|5385.0
309|10000.0|0|4|9|5448.0|4552.0
310|10000.0|0|4|10|5021.0|4979.0
311|10000.0|0|4|11|5203.0|4797.0
312|10000.0|0|4|12|4902.0|5098.0
313|10000.0|0|4|13|4902.0|5098.0
314|10000.0|0|4|14|5080.0|4919.0
315|10000.0|0|4|15|4653.0|5346.0
316|10000.0|1|4|1|-29997.0|39996.0
317|10000.0|1|4|2|-29997.0|39996.0
318|10000.0|1|4|3|-29997.0|39996.0
319|10000.0|1|4|4|-29997.0|39996.0
320|10000.0|1|4|5|-29997.0|39996.0
321|10000.0|1|4|6|-29997.0|39996.0
322|10000.0|1|4|7|-29997.0|39996.0
323|10000.0|1|4|8|-29997.0|39996.0
324|10000.0|1|4|9|-29997.0|39996.0
325|10000.0|1|4|10|-29997.0|39996.0
326|10000.0|1|4|11|-29997.0|39996.0
327|10000.0|1|4|12|-29997.0|39996.0
328|10000.0|1|4|13|-29997.0|39996.0
329|10000.0|1|4|14|-29997.0|39996.0
330|10000.0|1|4|15|-29997.0|39996.0
331|10000.0|2|4|1|40000.0|-30000.0
332|10000.0|2|4|2|40000.0|-30000.0
333|10000.0|2|4|3|40000.0|-30000.0
334|10000.0|2|4|4|40000.0|-30000.0
335|10000.0|2|4|5|40000.0|-30000.0
336|10000.0|2|4|6|40000.0|-30000.0
337|10000.0|2|4|7|40000.0|-30000.0
338|10000.0|2|4|8|40000.0|-30000.0
339|10000.0|2|4|9|40000.0|-30000.0
340|10000.0|2|4|10|40000.0|-30000.0
341|10000.0|2|4|11|40000.0|-30000.0
342|10000.0|2|4|12|40000.0|-30000.0
343|10000.0|2|4|13|40000.0|-30000.0
344|10000.0|2|4|14|40000.0|-30000.0
345|10000.0|2|4|15|40000.0|-30000.0
346|10000.0|3|4|1|5000.0|5000.0
347|10000.0|3|4|2|5000.0|5000.0
348|10000.0|3|4|3|5000.0|5000.0
349|10000.0|3|4|4|5000.0|5000.0
350|10000.0|3|4|5|5000.0|5000.0
351|10000.0|3|4|6|5000.0|5000.0
352|10000.0|3|4|7|5000.0|5000.0
353|10000.0|3|4|8|5000.0|5000.0
354|10000.0|3|4|9|5000.0|5000.0
355|10000.0|3|4|10|5000.0|5000.0
356|10000.0|3|4|11|5000.0|5000.0
357|10000.0|3|4|12|5000.0|5000.0
358|10000.0|3|4|13|5000.0|5000.0
359|10000.0|3|4|14|5000.0|5000.0
360|10000.0|3|4|15|5000.0|5000.0
361|10000.0|4|4|1|5000.0|5000.0
362|10000.0|4|4|2|5000.0|5000.0
363|10000.0|4|4|3|5000.0|5000.0
364|10000.0|4|4|4|5000.0|5000.0
365|10000.0|4|4|5|5000.0|5000.0
366|10000.0|4|4|6|5000.0|5000.0
367|10000.0|4|4|7|5000.0|5000.0
368|10000.0|4|4|8|5000.0|5000.0
369|10000.0|4|4|9|5000.0|5000.0
370|10000.0|4|4|10|5000.0|5000.0
371|10000.0|4|4|11|5000.0|5000.0
372|10000.0|4|4|12|5000.0|5000.0
373|10000.0|4|4|13|5000.0|5000.0
374|10000.0|4|4|14|5000.0|5000.0
375|10000.0|4|4|15|5000.0|5000.0

End Time: 2008.08.27. 13:48:50